<?xml version="1.0" encoding="UTF-8"?>
<!-- Generated by org.testng.reporters.JUnitReportReporter -->
<testsuite hostname="DESKTOP-4V6UVON" failures="0" tests="10" name="ApiTest.Traveredy" time="34.975" errors="0" timestamp="2022-10-25T09:10:02 IST" skipped="0">
  <testcase classname="ApiTest.Traveredy" name="AutosugestApi" time="5.044"/>
  <system-out/>
  <testcase classname="ApiTest.Traveredy" name="LoactionApi" time="1.507"/>
  <system-out/>
  <testcase classname="ApiTest.Traveredy" name="SearchApi" time="11.103"/>
  <system-out/>
  <testcase classname="ApiTest.Traveredy" name="AvailabilityApi" time="1.771"/>
  <system-out/>
  <testcase classname="ApiTest.Traveredy" name="RecheckApi" time="2.142"/>
  <system-out/>
  <testcase classname="ApiTest.Traveredy" name="BookingApi" time="1.771"/>
  <system-out/>
  <testcase classname="ApiTest.Traveredy" name="BookingDetailsApi" time="4.481"/>
  <system-out/>
  <testcase classname="ApiTest.Traveredy" name="CanselationApi" time="3.173"/>
  <system-out/>
  <testcase classname="ApiTest.Traveredy" name="HotelDetailsApi" time="2.230"/>
  <system-out/>
  <testcase classname="ApiTest.Traveredy" name="WeeksAvilabuilityApi" time="1.753"/>
  <system-out/>
</testsuite> <!-- ApiTest.Traveredy -->
